<?xml version="1.0" encoding="UTF-8"?>
<!-- Generated by org.testng.reporters.JUnitXMLReporter -->
<testsuite ignored="0" hostname="DESKTOP-SBHQ9F3" failures="1" tests="1" name="Mobile Tests" time="23.176" errors="0" timestamp="2025-10-19T16:04:53 BST">
  <testcase classname="UnMobileTest.SignUp" name="invalidSignUp" time="10.131">
    <failure type="org.openqa.selenium.NoSuchElementException" message="An element could not be located on the page using the given search parameters.
For documentation on this error, please visit: https://www.seleniumhq.org/exceptions/no_such_element.html
Build info: version: &amp;apos;3.141.59&amp;apos;, revision: &amp;apos;e82be7d358&amp;apos;, time: &amp;apos;2018-11-14T08:17:03&amp;apos;
System info: host: &amp;apos;DESKTOP-SBHQ9F3&amp;apos;, ip: &amp;apos;10.182.227.250&amp;apos;, os.name: &amp;apos;Windows 11&amp;apos;, os.arch: &amp;apos;amd64&amp;apos;, os.version: &amp;apos;10.0&amp;apos;, java.version: &amp;apos;17.0.4.1&amp;apos;
Driver info: io.appium.java_client.android.AndroidDriver
Capabilities {app: C:\Users\Segun Araoye\Downl..., appActivity: com.ubn.unionbanktoken.Main..., appPackage: com.ubn.unionbanktoken, automationName: UiAutomator2, connectHardwareKeyboard: true, databaseEnabled: false, desired: {app: C:\Users\Segun Araoye\Downl..., appActivity: com.ubn.unionbanktoken.Main..., appPackage: com.ubn.unionbanktoken, automationName: UiAutomator2, connectHardwareKeyboard: true, deviceName: RZCT31F32FP, newCommandTimeout: 3600, platformName: android, platformVersion: 14, udid: RZCT31F32FP}, deviceApiLevel: 34, deviceManufacturer: samsung, deviceModel: SM-A536E, deviceName: RZCT31F32FP, deviceScreenDensity: 450, deviceScreenSize: 1080x2400, deviceUDID: RZCT31F32FP, javascriptEnabled: true, locationContextEnabled: false, networkConnectionEnabled: true, newCommandTimeout: 3600, pixelRatio: 2.8125, platform: LINUX, platformName: Android, platformVersion: 14, statBarHeight: 87, takesScreenshot: true, udid: RZCT31F32FP, viewportRect: {height: 2313, left: 0, top: 87, width: 1080}, warnings: {}, webStorageEnabled: false}
Session ID: 2e687612-6eb8-45bb-b1cc-96741b0ae8bc
*** Element info: {Using=accessibility id, value=UnionToken}">
      <![CDATA[org.openqa.selenium.NoSuchElementException: An element could not be located on the page using the given search parameters.
For documentation on this error, please visit: https://www.seleniumhq.org/exceptions/no_such_element.html
Build info: version: '3.141.59', revision: 'e82be7d358', time: '2018-11-14T08:17:03'
System info: host: 'DESKTOP-SBHQ9F3', ip: '10.182.227.250', os.name: 'Windows 11', os.arch: 'amd64', os.version: '10.0', java.version: '17.0.4.1'
Driver info: io.appium.java_client.android.AndroidDriver
Capabilities {app: C:\Users\Segun Araoye\Downl..., appActivity: com.ubn.unionbanktoken.Main..., appPackage: com.ubn.unionbanktoken, automationName: UiAutomator2, connectHardwareKeyboard: true, databaseEnabled: false, desired: {app: C:\Users\Segun Araoye\Downl..., appActivity: com.ubn.unionbanktoken.Main..., appPackage: com.ubn.unionbanktoken, automationName: UiAutomator2, connectHardwareKeyboard: true, deviceName: RZCT31F32FP, newCommandTimeout: 3600, platformName: android, platformVersion: 14, udid: RZCT31F32FP}, deviceApiLevel: 34, deviceManufacturer: samsung, deviceModel: SM-A536E, deviceName: RZCT31F32FP, deviceScreenDensity: 450, deviceScreenSize: 1080x2400, deviceUDID: RZCT31F32FP, javascriptEnabled: true, locationContextEnabled: false, networkConnectionEnabled: true, newCommandTimeout: 3600, pixelRatio: 2.8125, platform: LINUX, platformName: Android, platformVersion: 14, statBarHeight: 87, takesScreenshot: true, udid: RZCT31F32FP, viewportRect: {height: 2313, left: 0, top: 87, width: 1080}, warnings: {}, webStorageEnabled: false}
Session ID: 2e687612-6eb8-45bb-b1cc-96741b0ae8bc
*** Element info: {Using=accessibility id, value=UnionToken}
at org.openqa.selenium.remote.http.W3CHttpResponseCodec.createException(W3CHttpResponseCodec.java:187)
at org.openqa.selenium.remote.http.W3CHttpResponseCodec.decode(W3CHttpResponseCodec.java:122)
at org.openqa.selenium.remote.http.W3CHttpResponseCodec.decode(W3CHttpResponseCodec.java:49)
at org.openqa.selenium.remote.HttpCommandExecutor.execute(HttpCommandExecutor.java:158)
at io.appium.java_client.remote.AppiumCommandExecutor.execute(AppiumCommandExecutor.java:239)
at org.openqa.selenium.remote.RemoteWebDriver.execute(RemoteWebDriver.java:552)
at io.appium.java_client.DefaultGenericMobileDriver.execute(DefaultGenericMobileDriver.java:41)
at io.appium.java_client.AppiumDriver.execute(AppiumDriver.java:1)
at io.appium.java_client.android.AndroidDriver.execute(AndroidDriver.java:1)
at org.openqa.selenium.remote.RemoteWebDriver.findElement(RemoteWebDriver.java:323)
at io.appium.java_client.DefaultGenericMobileDriver.findElement(DefaultGenericMobileDriver.java:61)
at io.appium.java_client.AppiumDriver.findElement(AppiumDriver.java:1)
at io.appium.java_client.android.AndroidDriver.findElement(AndroidDriver.java:1)
at io.appium.java_client.FindsByAccessibilityId.findElementByAccessibilityId(FindsByAccessibilityId.java:37)
at UnMobileTest.SignUp.invalidSignUp(SignUp.java:26)
at java.base/java.util.ArrayList.forEach(ArrayList.java:1511)
... Removed 32 stack frames]]>
    </failure>
  </testcase> <!-- invalidSignUp -->
</testsuite> <!-- Mobile Tests -->
